# JRE version: OpenJDK Runtime Environment Temurin-21.0.10+7 (21.0.10+7) (build 21.0.10+7-LTS)
# Java VM: OpenJDK 64-Bit Server VM Temurin-21.0.10+7 (21.0.10+7-LTS, mixed mode, sharing, tiered, compressed oops, compressed class ptrs, parallel gc, windows-amd64)
GC Precious Log:
 CardTable entry size: 512
 CPUs: 16 total, 16 available
 Memory: 6005M
 Large Page Support: Disabled
 NUMA Support: Disabled
 Compressed Oops: Enabled (32-bit)
 Alignments: Space 512K, Generation 512K, Heap 2M
 Heap Min Capacity: 100M
 Heap Initial Capacity: 100M
 Heap Max Capacity: 2G
 Pre-touch: Disabled
 Parallel Workers: 13
Heap:
 PSYoungGen      total 10240K, used 9514K [0x00000000d5580000, 0x00000000d6200000, 0x0000000100000000)
  eden space 8704K, 100% used [0x00000000d5580000,0x00000000d5e00000,0x00000000d5e00000)
  from space 1536K, 52% used [0x00000000d5e00000,0x00000000d5eca910,0x00000000d5f80000)
  to   space 1024K, 0% used [0x00000000d6100000,0x00000000d6100000,0x00000000d6200000)
 ParOldGen       total 1073664K, used 1073477K [0x0000000080000000, 0x00000000c1880000, 0x00000000d5580000)
  object space 1073664K, 99% used [0x0000000080000000,0x00000000c1851778,0x00000000c1880000)
 Metaspace       used 93898K, committed 95680K, reserved 1179648K
  class space    used 9340K, committed 10176K, reserved 1048576K
GC Heap History (20 events):
Event: 2613.234 GC heap after
{Heap after GC invocations=3199 (full 7):
 PSYoungGen      total 6656K, used 640K [0x00000000d5580000, 0x00000000d5e00000, 0x0000000100000000)
  eden space 5632K, 0% used [0x00000000d5580000,0x00000000d5580000,0x00000000d5b00000)
  from space 1024K, 62% used [0x00000000d5d00000,0x00000000d5da0020,0x00000000d5e00000)
  to   space 1024K, 0% used [0x00000000d5b00000,0x00000000d5b00000,0x00000000d5c00000)
 ParOldGen       total 1065984K, used 1065893K [0x0000000080000000, 0x00000000c1100000, 0x00000000d5580000)
  object space 1065984K, 99% used [0x0000000080000000,0x00000000c10e97b8,0x00000000c1100000)
 Metaspace       used 93886K, committed 95680K, reserved 1179648K
  class space    used 9340K, committed 10176K, reserved 1048576K
}
Event: 2613.250 GC heap before
{Heap before GC invocations=3200 (full 7):
 PSYoungGen      total 6656K, used 6272K [0x00000000d5580000, 0x00000000d5e00000, 0x0000000100000000)
  eden space 5632K, 100% used [0x00000000d5580000,0x00000000d5b00000,0x00000000d5b00000)
  from space 1024K, 62% used [0x00000000d5d00000,0x00000000d5da0020,0x00000000d5e00000)
  to   space 1024K, 0% used [0x00000000d5b00000,0x00000000d5b00000,0x00000000d5c00000)
 ParOldGen       total 1065984K, used 1065893K [0x0000000080000000, 0x00000000c1100000, 0x00000000d5580000)
  object space 1065984K, 99% used [0x0000000080000000,0x00000000c10e97b8,0x00000000c1100000)
 Metaspace       used 93886K, committed 95680K, reserved 1179648K
  class space    used 9340K, committed 10176K, reserved 1048576K
}
Event: 2614.256 GC heap after
{Heap after GC invocations=3200 (full 7):
 PSYoungGen      total 6656K, used 868K [0x00000000d5580000, 0x00000000d5e80000, 0x0000000100000000)
  eden space 5632K, 0% used [0x00000000d5580000,0x00000000d5580000,0x00000000d5b00000)
  from space 1024K, 84% used [0x00000000d5b00000,0x00000000d5bd9210,0x00000000d5c00000)
  to   space 1024K, 0% used [0x00000000d5d80000,0x00000000d5d80000,0x00000000d5e80000)
 ParOldGen       total 1066496K, used 1066387K [0x0000000080000000, 0x00000000c1180000, 0x00000000d5580000)
  object space 1066496K, 99% used [0x0000000080000000,0x00000000c1164dd0,0x00000000c1180000)
 Metaspace       used 93886K, committed 95680K, reserved 1179648K
  class space    used 9340K, committed 10176K, reserved 1048576K
}
Event: 2614.270 GC heap before
{Heap before GC invocations=3201 (full 7):
 PSYoungGen      total 6656K, used 6500K [0x00000000d5580000, 0x00000000d5e80000, 0x0000000100000000)
  eden space 5632K, 100% used [0x00000000d5580000,0x00000000d5b00000,0x00000000d5b00000)
  from space 1024K, 84% used [0x00000000d5b00000,0x00000000d5bd9210,0x00000000d5c00000)
  to   space 1024K, 0% used [0x00000000d5d80000,0x00000000d5d80000,0x00000000d5e80000)
 ParOldGen       total 1066496K, used 1066387K [0x0000000080000000, 0x00000000c1180000, 0x00000000d5580000)
  object space 1066496K, 99% used [0x0000000080000000,0x00000000c1164dd0,0x00000000c1180000)
 Metaspace       used 93889K, committed 95680K, reserved 1179648K
  class space    used 9340K, committed 10176K, reserved 1048576K
}
Event: 2614.274 GC heap after
{Heap after GC invocations=3201 (full 7):
 PSYoungGen      total 7168K, used 996K [0x00000000d5580000, 0x00000000d6080000, 0x0000000100000000)
  eden space 6144K, 0% used [0x00000000d5580000,0x00000000d5580000,0x00000000d5b80000)
  from space 1024K, 97% used [0x00000000d5d80000,0x00000000d5e79210,0x00000000d5e80000)
  to   space 2048K, 0% used [0x00000000d5b80000,0x00000000d5b80000,0x00000000d5d80000)
 ParOldGen       total 1067520K, used 1067085K [0x0000000080000000, 0x00000000c1280000, 0x00000000d5580000)
  object space 1067520K, 99% used [0x0000000080000000,0x00000000c1213780,0x00000000c1280000)
 Metaspace       used 93889K, committed 95680K, reserved 1179648K
  class space    used 9340K, committed 10176K, reserved 1048576K
}
Event: 2614.290 GC heap before
{Heap before GC invocations=3202 (full 7):
 PSYoungGen      total 7168K, used 7140K [0x00000000d5580000, 0x00000000d6080000, 0x0000000100000000)
  eden space 6144K, 100% used [0x00000000d5580000,0x00000000d5b80000,0x00000000d5b80000)
  from space 1024K, 97% used [0x00000000d5d80000,0x00000000d5e79210,0x00000000d5e80000)
  to   space 2048K, 0% used [0x00000000d5b80000,0x00000000d5b80000,0x00000000d5d80000)
 ParOldGen       total 1067520K, used 1067085K [0x0000000080000000, 0x00000000c1280000, 0x00000000d5580000)
  object space 1067520K, 99% used [0x0000000080000000,0x00000000c1213780,0x00000000c1280000)
 Metaspace       used 93890K, committed 95680K, reserved 1179648K
  class space    used 9340K, committed 10176K, reserved 1048576K
}
Event: 2614.296 GC heap after
{Heap after GC invocations=3202 (full 7):
 PSYoungGen      total 8192K, used 944K [0x00000000d5580000, 0x00000000d6000000, 0x0000000100000000)
  eden space 6144K, 0% used [0x00000000d5580000,0x00000000d5580000,0x00000000d5b80000)
  from space 2048K, 46% used [0x00000000d5b80000,0x00000000d5c6c010,0x00000000d5d80000)
  to   space 1536K, 0% used [0x00000000d5e80000,0x00000000d5e80000,0x00000000d6000000)
 ParOldGen       total 1068032K, used 1067881K [0x0000000080000000, 0x00000000c1300000, 0x00000000d5580000)
  object space 1068032K, 99% used [0x0000000080000000,0x00000000c12da7c0,0x00000000c1300000)
 Metaspace       used 93890K, committed 95680K, reserved 1179648K
  class space    used 9340K, committed 10176K, reserved 1048576K
}
Event: 2614.326 GC heap before
{Heap before GC invocations=3203 (full 7):
 PSYoungGen      total 8192K, used 7088K [0x00000000d5580000, 0x00000000d6000000, 0x0000000100000000)
  eden space 6144K, 100% used [0x00000000d5580000,0x00000000d5b80000,0x00000000d5b80000)
  from space 2048K, 46% used [0x00000000d5b80000,0x00000000d5c6c010,0x00000000d5d80000)
  to   space 1536K, 0% used [0x00000000d5e80000,0x00000000d5e80000,0x00000000d6000000)
 ParOldGen       total 1068032K, used 1067881K [0x0000000080000000, 0x00000000c1300000, 0x00000000d5580000)
  object space 1068032K, 99% used [0x0000000080000000,0x00000000c12da7c0,0x00000000c1300000)
 Metaspace       used 93897K, committed 95680K, reserved 1179648K
  class space    used 9340K, committed 10176K, reserved 1048576K
}
Event: 2614.330 GC heap after
{Heap after GC invocations=3203 (full 7):
 PSYoungGen      total 9216K, used 1076K [0x00000000d5580000, 0x00000000d6000000, 0x0000000100000000)
  eden space 7680K, 0% used [0x00000000d5580000,0x00000000d5580000,0x00000000d5d00000)
  from space 1536K, 70% used [0x00000000d5e80000,0x00000000d5f8d200,0x00000000d6000000)
  to   space 1536K, 0% used [0x00000000d5d00000,0x00000000d5d00000,0x00000000d5e80000)
 ParOldGen       total 1069056K, used 1068641K [0x0000000080000000, 0x00000000c1400000, 0x00000000d5580000)
  object space 1069056K, 99% used [0x0000000080000000,0x00000000c13987f0,0x00000000c1400000)
 Metaspace       used 93897K, committed 95680K, reserved 1179648K
  class space    used 9340K, committed 10176K, reserved 1048576K
}
Event: 2614.376 GC heap before
{Heap before GC invocations=3204 (full 7):
 PSYoungGen      total 9216K, used 8756K [0x00000000d5580000, 0x00000000d6000000, 0x0000000100000000)
  eden space 7680K, 100% used [0x00000000d5580000,0x00000000d5d00000,0x00000000d5d00000)
  from space 1536K, 70% used [0x00000000d5e80000,0x00000000d5f8d200,0x00000000d6000000)
  to   space 1536K, 0% used [0x00000000d5d00000,0x00000000d5d00000,0x00000000d5e80000)
 ParOldGen       total 1069056K, used 1068641K [0x0000000080000000, 0x00000000c1400000, 0x00000000d5580000)
  object space 1069056K, 99% used [0x0000000080000000,0x00000000c13987f0,0x00000000c1400000)
 Metaspace       used 93897K, committed 95680K, reserved 1179648K
  class space    used 9340K, committed 10176K, reserved 1048576K
}
Event: 2614.379 GC heap after
{Heap after GC invocations=3204 (full 7):
 PSYoungGen      total 9216K, used 436K [0x00000000d5580000, 0x00000000d6080000, 0x0000000100000000)
  eden space 7680K, 0% used [0x00000000d5580000,0x00000000d5580000,0x00000000d5d00000)
  from space 1536K, 28% used [0x00000000d5d00000,0x00000000d5d6d200,0x00000000d5e80000)
  to   space 1024K, 0% used [0x00000000d5f80000,0x00000000d5f80000,0x00000000d6080000)
 ParOldGen       total 1069056K, used 1068799K [0x0000000080000000, 0x00000000c1400000, 0x00000000d5580000)
  object space 1069056K, 99% used [0x0000000080000000,0x00000000c13bff10,0x00000000c1400000)
 Metaspace       used 93897K, committed 95680K, reserved 1179648K
  class space    used 9340K, committed 10176K, reserved 1048576K
}
Event: 2614.398 GC heap before
{Heap before GC invocations=3205 (full 7):
 PSYoungGen      total 9216K, used 8116K [0x00000000d5580000, 0x00000000d6080000, 0x0000000100000000)
  eden space 7680K, 100% used [0x00000000d5580000,0x00000000d5d00000,0x00000000d5d00000)
  from space 1536K, 28% used [0x00000000d5d00000,0x00000000d5d6d200,0x00000000d5e80000)
  to   space 1024K, 0% used [0x00000000d5f80000,0x00000000d5f80000,0x00000000d6080000)
 ParOldGen       total 1069056K, used 1068799K [0x0000000080000000, 0x00000000c1400000, 0x00000000d5580000)
  object space 1069056K, 99% used [0x0000000080000000,0x00000000c13bff10,0x00000000c1400000)
 Metaspace       used 93897K, committed 95680K, reserved 1179648K
  class space    used 9340K, committed 10176K, reserved 1048576K
}
Event: 2614.401 GC heap after
{Heap after GC invocations=3205 (full 7):
 PSYoungGen      total 9728K, used 1008K [0x00000000d5580000, 0x00000000d6180000, 0x0000000100000000)
  eden space 8704K, 0% used [0x00000000d5580000,0x00000000d5580000,0x00000000d5e00000)
  from space 1024K, 98% used [0x00000000d5f80000,0x00000000d607c010,0x00000000d6080000)
  to   space 1536K, 0% used [0x00000000d5e00000,0x00000000d5e00000,0x00000000d5f80000)
 ParOldGen       total 1069056K, used 1068956K [0x0000000080000000, 0x00000000c1400000, 0x00000000d5580000)
  object space 1069056K, 99% used [0x0000000080000000,0x00000000c13e7110,0x00000000c1400000)
 Metaspace       used 93897K, committed 95680K, reserved 1179648K
  class space    used 9340K, committed 10176K, reserved 1048576K
}
Event: 2614.435 GC heap before
{Heap before GC invocations=3206 (full 7):
 PSYoungGen      total 9728K, used 9712K [0x00000000d5580000, 0x00000000d6180000, 0x0000000100000000)
  eden space 8704K, 100% used [0x00000000d5580000,0x00000000d5e00000,0x00000000d5e00000)
  from space 1024K, 98% used [0x00000000d5f80000,0x00000000d607c010,0x00000000d6080000)
  to   space 1536K, 0% used [0x00000000d5e00000,0x00000000d5e00000,0x00000000d5f80000)
 ParOldGen       total 1069056K, used 1068956K [0x0000000080000000, 0x00000000c1400000, 0x00000000d5580000)
  object space 1069056K, 99% used [0x0000000080000000,0x00000000c13e7110,0x00000000c1400000)
 Metaspace       used 93897K, committed 95680K, reserved 1179648K
  class space    used 9340K, committed 10176K, reserved 1048576K
}
Event: 2614.439 GC heap after
{Heap after GC invocations=3206 (full 7):
 PSYoungGen      total 10240K, used 1284K [0x00000000d5580000, 0x00000000d6100000, 0x0000000100000000)
  eden space 8704K, 0% used [0x00000000d5580000,0x00000000d5580000,0x00000000d5e00000)
  from space 1536K, 83% used [0x00000000d5e00000,0x00000000d5f41210,0x00000000d5f80000)
  to   space 1536K, 0% used [0x00000000d5f80000,0x00000000d5f80000,0x00000000d6100000)
 ParOldGen       total 1070080K, used 1069821K [0x0000000080000000, 0x00000000c1500000, 0x00000000d5580000)
  object space 1070080K, 99% used [0x0000000080000000,0x00000000c14bf7c8,0x00000000c1500000)
 Metaspace       used 93897K, committed 95680K, reserved 1179648K
  class space    used 9340K, committed 10176K, reserved 1048576K
}
Event: 2614.464 GC heap before
{Heap before GC invocations=3207 (full 7):
 PSYoungGen      total 10240K, used 9988K [0x00000000d5580000, 0x00000000d6100000, 0x0000000100000000)
  eden space 8704K, 100% used [0x00000000d5580000,0x00000000d5e00000,0x00000000d5e00000)
  from space 1536K, 83% used [0x00000000d5e00000,0x00000000d5f41210,0x00000000d5f80000)
  to   space 1536K, 0% used [0x00000000d5f80000,0x00000000d5f80000,0x00000000d6100000)
 ParOldGen       total 1070080K, used 1069821K [0x0000000080000000, 0x00000000c1500000, 0x00000000d5580000)
  object space 1070080K, 99% used [0x0000000080000000,0x00000000c14bf7c8,0x00000000c1500000)
 Metaspace       used 93897K, committed 95680K, reserved 1179648K
  class space    used 9340K, committed 10176K, reserved 1048576K
}
Event: 2614.468 GC heap after
{Heap after GC invocations=3207 (full 7):
 PSYoungGen      total 10240K, used 1252K [0x00000000d5580000, 0x00000000d6100000, 0x0000000100000000)
  eden space 8704K, 0% used [0x00000000d5580000,0x00000000d5580000,0x00000000d5e00000)
  from space 1536K, 81% used [0x00000000d5f80000,0x00000000d60b9210,0x00000000d6100000)
  to   space 1536K, 0% used [0x00000000d5e00000,0x00000000d5e00000,0x00000000d5f80000)
 ParOldGen       total 1071104K, used 1070901K [0x0000000080000000, 0x00000000c1600000, 0x00000000d5580000)
  object space 1071104K, 99% used [0x0000000080000000,0x00000000c15cd750,0x00000000c1600000)
 Metaspace       used 93897K, committed 95680K, reserved 1179648K
  class space    used 9340K, committed 10176K, reserved 1048576K
}
Event: 2614.503 GC heap before
{Heap before GC invocations=3208 (full 7):
 PSYoungGen      total 10240K, used 9956K [0x00000000d5580000, 0x00000000d6100000, 0x0000000100000000)
  eden space 8704K, 100% used [0x00000000d5580000,0x00000000d5e00000,0x00000000d5e00000)
  from space 1536K, 81% used [0x00000000d5f80000,0x00000000d60b9210,0x00000000d6100000)
  to   space 1536K, 0% used [0x00000000d5e00000,0x00000000d5e00000,0x00000000d5f80000)
 ParOldGen       total 1071104K, used 1070901K [0x0000000080000000, 0x00000000c1600000, 0x00000000d5580000)
  object space 1071104K, 99% used [0x0000000080000000,0x00000000c15cd750,0x00000000c1600000)
 Metaspace       used 93897K, committed 95680K, reserved 1179648K
  class space    used 9340K, committed 10176K, reserved 1048576K
}
Event: 2614.507 GC heap after
{Heap after GC invocations=3208 (full 7):
 PSYoungGen      total 10240K, used 1380K [0x00000000d5580000, 0x00000000d6100000, 0x0000000100000000)
  eden space 8704K, 0% used [0x00000000d5580000,0x00000000d5580000,0x00000000d5e00000)
  from space 1536K, 89% used [0x00000000d5e00000,0x00000000d5f59210,0x00000000d5f80000)
  to   space 1536K, 0% used [0x00000000d5f80000,0x00000000d5f80000,0x00000000d6100000)
 ParOldGen       total 1072128K, used 1071895K [0x0000000080000000, 0x00000000c1700000, 0x00000000d5580000)
  object space 1072128K, 99% used [0x0000000080000000,0x00000000c16c5f58,0x00000000c1700000)
 Metaspace       used 93897K, committed 95680K, reserved 1179648K
  class space    used 9340K, committed 10176K, reserved 1048576K
}
Event: 2614.535 GC heap before
{Heap before GC invocations=3209 (full 7):
 PSYoungGen      total 10240K, used 10084K [0x00000000d5580000, 0x00000000d6100000, 0x0000000100000000)
  eden space 8704K, 100% used [0x00000000d5580000,0x00000000d5e00000,0x00000000d5e00000)
  from space 1536K, 89% used [0x00000000d5e00000,0x00000000d5f59210,0x00000000d5f80000)
  to   space 1536K, 0% used [0x00000000d5f80000,0x00000000d5f80000,0x00000000d6100000)
 ParOldGen       total 1072128K, used 1071895K [0x0000000080000000, 0x00000000c1700000, 0x00000000d5580000)
  object space 1072128K, 99% used [0x0000000080000000,0x00000000c16c5f58,0x00000000c1700000)
 Metaspace       used 93898K, committed 95680K, reserved 1179648K
  class space    used 9340K, committed 10176K, reserved 1048576K
}

